app/build/outputs/logs/manifest-merger-debug-report.txt
-- Merging decision tree log ---
manifest
ADDED from src/main/AndroidManifest.xml:2:1-231:12
	xmlns:android
		ADDED from src/main/AndroidManifest.xml:2:11-69
	package
		ADDED from src/main/AndroidManifest.xml:3:5-23
		INJECTED from src/main/AndroidManifest.xml
		INJECTED from src/main/AndroidManifest.xml
	android:versionName
		ADDED from src/main/AndroidManifest.xml:5:5-37
		INJECTED from src/main/AndroidManifest.xml
		INJECTED from src/main/AndroidManifest.xml
	android:versionCode
		ADDED from src/main/AndroidManifest.xml:4:5-29
		INJECTED from src/main/AndroidManifest.xml
		INJECTED from src/main/AndroidManifest.xml
uses-sdk
ADDED from src/main/AndroidManifest.xml:7:5-9:41
MERGED from [com.android.support:appcompat-v7:21.0.3] AndroidManifest.xml:15:5-42
MERGED from [com.android.support:support-v4:21.0.3] AndroidManifest.xml:15:5-42
MERGED from [com.android.support:support-v4:21.0.3] AndroidManifest.xml:15:5-42
	android:targetSdkVersion
		ADDED from src/main/AndroidManifest.xml:9:9-38
		INJECTED from src/main/AndroidManifest.xml
		INJECTED from src/main/AndroidManifest.xml
	android:minSdkVersion
		ADDED from src/main/AndroidManifest.xml:8:9-35
		INJECTED from src/main/AndroidManifest.xml
		INJECTED from src/main/AndroidManifest.xml
uses-permission#android.permission.INTERNET
ADDED from src/main/AndroidManifest.xml:11:5-67
	android:name
		ADDED from src/main/AndroidManifest.xml:11:22-64
uses-permission#android.permission.VIBRATE
ADDED from src/main/AndroidManifest.xml:12:5-66
	android:name
		ADDED from src/main/AndroidManifest.xml:12:22-63
uses-permission#android.permission.AUTHENTICATE_ACCOUNTS
ADDED from src/main/AndroidManifest.xml:13:5-80
	android:name
		ADDED from src/main/AndroidManifest.xml:13:22-77
uses-permission#android.permission.GET_ACCOUNTS
ADDED from src/main/AndroidManifest.xml:14:5-71
	android:name
		ADDED from src/main/AndroidManifest.xml:14:22-68
uses-permission#android.permission.USE_CREDENTIALS
ADDED from src/main/AndroidManifest.xml:15:5-74
	android:name
		ADDED from src/main/AndroidManifest.xml:15:22-71
uses-permission#android.permission.MANAGE_ACCOUNTS
ADDED from src/main/AndroidManifest.xml:16:5-74
	android:name
		ADDED from src/main/AndroidManifest.xml:16:22-71
uses-permission#android.permission.ACCESS_WIFI_STATE
ADDED from src/main/AndroidManifest.xml:17:5-76
	android:name
		ADDED from src/main/AndroidManifest.xml:17:22-73
uses-permission#android.permission.ACCESS_NETWORK_STATE
ADDED from src/main/AndroidManifest.xml:18:5-79
	android:name
		ADDED from src/main/AndroidManifest.xml:18:22-76
uses-permission#android.permission.WRITE_EXTERNAL_STORAGE
ADDED from src/main/AndroidManifest.xml:19:5-81
	android:name
		ADDED from src/main/AndroidManifest.xml:19:22-78
uses-permission#android.permission.READ_CONTACTS
ADDED from src/main/AndroidManifest.xml:20:5-72
	android:name
		ADDED from src/main/AndroidManifest.xml:20:22-69
uses-permission#android.permission.WRITE_CONTACTS
ADDED from src/main/AndroidManifest.xml:21:5-73
	android:name
		ADDED from src/main/AndroidManifest.xml:21:22-70
uses-permission#android.permission.READ_SYNC_SETTINGS
ADDED from src/main/AndroidManifest.xml:22:5-77
	android:name
		ADDED from src/main/AndroidManifest.xml:22:22-74
uses-permission#android.permission.READ_SYNC_STATS
ADDED from src/main/AndroidManifest.xml:23:5-74
	android:name
		ADDED from src/main/AndroidManifest.xml:23:22-71
uses-permission#android.permission.WRITE_SYNC_SETTINGS
ADDED from src/main/AndroidManifest.xml:24:5-78
	android:name
		ADDED from src/main/AndroidManifest.xml:24:22-75
uses-permission#android.permission.WRITE_CALENDAR
ADDED from src/main/AndroidManifest.xml:25:5-73
	android:name
		ADDED from src/main/AndroidManifest.xml:25:22-70
uses-permission#android.permission.READ_CALENDAR
ADDED from src/main/AndroidManifest.xml:26:5-72
	android:name
		ADDED from src/main/AndroidManifest.xml:26:22-69
uses-permission#android.permission.GET_TASKS
ADDED from src/main/AndroidManifest.xml:27:5-68
	android:name
		ADDED from src/main/AndroidManifest.xml:27:22-65
uses-permission#android.permission.WAKE_LOCK
ADDED from src/main/AndroidManifest.xml:28:5-68
	android:name
		ADDED from src/main/AndroidManifest.xml:28:22-65
uses-permission#android.permission.READ_PHONE_STATE
ADDED from src/main/AndroidManifest.xml:29:5-75
	android:name
		ADDED from src/main/AndroidManifest.xml:29:22-72
uses-permission#com.google.android.c2dm.permission.RECEIVE
ADDED from src/main/AndroidManifest.xml:30:5-82
	android:name
		ADDED from src/main/AndroidManifest.xml:30:22-79
permission#com.odoo.permission.C2D_MESSAGE
ADDED from src/main/AndroidManifest.xml:32:5-34:47
	android:protectionLevel
		ADDED from src/main/AndroidManifest.xml:34:9-44
	android:name
		ADDED from src/main/AndroidManifest.xml:33:9-55
application
ADDED from src/main/AndroidManifest.xml:36:5-229:19
MERGED from [com.android.support:appcompat-v7:21.0.3] AndroidManifest.xml:16:5-19
MERGED from [com.android.support:support-v4:21.0.3] AndroidManifest.xml:16:5-19
MERGED from [com.android.support:support-v4:21.0.3] AndroidManifest.xml:16:5-19
	android:label
		ADDED from src/main/AndroidManifest.xml:41:9-41
	android:allowBackup
		ADDED from src/main/AndroidManifest.xml:38:9-35
	android:icon
		ADDED from src/main/AndroidManifest.xml:40:9-45
	android:theme
		ADDED from src/main/AndroidManifest.xml:43:9-40
	android:hardwareAccelerated
		ADDED from src/main/AndroidManifest.xml:39:9-43
	android:largeHeap
		ADDED from src/main/AndroidManifest.xml:42:9-33
	android:name
		ADDED from src/main/AndroidManifest.xml:37:9-28
service#com.odoo.auth.OdooAuthenticateService
ADDED from src/main/AndroidManifest.xml:46:9-56:19
	android:name
		ADDED from src/main/AndroidManifest.xml:46:18-62
intent-filter#android.accounts.AccountAuthenticator
ADDED from src/main/AndroidManifest.xml:47:13-50:29
action#android.accounts.AccountAuthenticator
ADDED from src/main/AndroidManifest.xml:48:17-49:26
	android:name
		ADDED from src/main/AndroidManifest.xml:48:25-77
meta-data#android.accounts.AccountAuthenticator
ADDED from src/main/AndroidManifest.xml:52:13-55:25
	android:resource
		ADDED from src/main/AndroidManifest.xml:54:17-54
	android:name
		ADDED from src/main/AndroidManifest.xml:53:17-69
activity#com.odoo.MainActivity
ADDED from src/main/AndroidManifest.xml:58:9-66:20
	android:label
		ADDED from src/main/AndroidManifest.xml:60:13-56
	android:name
		ADDED from src/main/AndroidManifest.xml:59:13-41
intent-filter#android.intent.action.MAIN+android.intent.category.LAUNCHER
ADDED from src/main/AndroidManifest.xml:61:13-65:29
action#android.intent.action.MAIN
ADDED from src/main/AndroidManifest.xml:62:17-69
	android:name
		ADDED from src/main/AndroidManifest.xml:62:25-66
category#android.intent.category.LAUNCHER
ADDED from src/main/AndroidManifest.xml:64:17-77
	android:name
		ADDED from src/main/AndroidManifest.xml:64:27-74
activity#com.odoo.SettingActivity
ADDED from src/main/AndroidManifest.xml:67:9-70:20
	android:theme
		ADDED from src/main/AndroidManifest.xml:69:13-51
	android:name
		ADDED from src/main/AndroidManifest.xml:68:13-44
activity#com.odoo.base.about.About
ADDED from src/main/AndroidManifest.xml:71:9-74:20
	android:theme
		ADDED from src/main/AndroidManifest.xml:73:13-56
	android:name
		ADDED from src/main/AndroidManifest.xml:72:13-45
activity#com.odoo.base.account.UserProfile
ADDED from src/main/AndroidManifest.xml:75:9-78:20
	android:theme
		ADDED from src/main/AndroidManifest.xml:77:13-56
	android:name
		ADDED from src/main/AndroidManifest.xml:76:13-61
activity#com.odoo.addons.mail.ComposeMail
ADDED from src/main/AndroidManifest.xml:79:9-120:20
	android:label
		ADDED from src/main/AndroidManifest.xml:82:13-55
	android:icon
		ADDED from src/main/AndroidManifest.xml:81:13-47
	android:name
		ADDED from src/main/AndroidManifest.xml:80:13-60
intent-filter#android.intent.action.SENDTO+android.intent.category.DEFAULT
ADDED from src/main/AndroidManifest.xml:83:13-91:29
	android:label
		ADDED from src/main/AndroidManifest.xml:85:17-56
	android:icon
		ADDED from src/main/AndroidManifest.xml:84:17-53
action#android.intent.action.SENDTO
ADDED from src/main/AndroidManifest.xml:86:17-71
	android:name
		ADDED from src/main/AndroidManifest.xml:86:25-68
data
ADDED from src/main/AndroidManifest.xml:88:17-49
	android:scheme
		ADDED from src/main/AndroidManifest.xml:88:23-46
category#android.intent.category.DEFAULT
ADDED from src/main/AndroidManifest.xml:90:17-76
	android:name
		ADDED from src/main/AndroidManifest.xml:90:27-73
intent-filter#android.intent.action.SEND+android.intent.category.DEFAULT
ADDED from src/main/AndroidManifest.xml:92:13-100:29
	android:label
		ADDED from src/main/AndroidManifest.xml:94:17-56
	android:icon
		ADDED from src/main/AndroidManifest.xml:93:17-53
action#android.intent.action.SEND
ADDED from src/main/AndroidManifest.xml:95:17-69
	android:name
		ADDED from src/main/AndroidManifest.xml:95:25-66
intent-filter#android.intent.action.SEND_MULTIPLE+android.intent.category.DEFAULT
ADDED from src/main/AndroidManifest.xml:101:13-109:29
	android:label
		ADDED from src/main/AndroidManifest.xml:103:17-56
	android:icon
		ADDED from src/main/AndroidManifest.xml:102:17-53
action#android.intent.action.SEND_MULTIPLE
ADDED from src/main/AndroidManifest.xml:104:17-78
	android:name
		ADDED from src/main/AndroidManifest.xml:104:25-75
intent-filter#android.intent.action.VIEW+android.intent.category.BROWSABLE+android.intent.category.DEFAULT
ADDED from src/main/AndroidManifest.xml:110:13-119:29
	android:label
		ADDED from src/main/AndroidManifest.xml:112:17-56
	android:icon
		ADDED from src/main/AndroidManifest.xml:111:17-53
action#android.intent.action.VIEW
ADDED from src/main/AndroidManifest.xml:113:17-69
	android:name
		ADDED from src/main/AndroidManifest.xml:113:25-66
category#android.intent.category.BROWSABLE
ADDED from src/main/AndroidManifest.xml:118:17-78
	android:name
		ADDED from src/main/AndroidManifest.xml:118:27-75
provider#com.odoo.base.ir.providers.model.ModelProvider
ADDED from src/main/AndroidManifest.xml:122:9-126:43
	android:multiprocess
		ADDED from src/main/AndroidManifest.xml:126:13-40
	android:exported
		ADDED from src/main/AndroidManifest.xml:125:13-37
	android:authorities
		ADDED from src/main/AndroidManifest.xml:124:13-72
	android:name
		ADDED from src/main/AndroidManifest.xml:123:13-74
provider#com.odoo.base.res.providers.users.UsersProvider
ADDED from src/main/AndroidManifest.xml:127:9-131:43
	android:multiprocess
		ADDED from src/main/AndroidManifest.xml:131:13-40
	android:exported
		ADDED from src/main/AndroidManifest.xml:130:13-37
	android:authorities
		ADDED from src/main/AndroidManifest.xml:129:13-73
	android:name
		ADDED from src/main/AndroidManifest.xml:128:13-75
provider#com.odoo.base.ir.providers.attachments.AttachmentProvider
ADDED from src/main/AndroidManifest.xml:132:9-136:43
	android:multiprocess
		ADDED from src/main/AndroidManifest.xml:136:13-40
	android:exported
		ADDED from src/main/AndroidManifest.xml:135:13-37
	android:authorities
		ADDED from src/main/AndroidManifest.xml:134:13-78
	android:name
		ADDED from src/main/AndroidManifest.xml:133:13-85
provider#com.odoo.base.res.providers.country.CountryProvider
ADDED from src/main/AndroidManifest.xml:137:9-141:43
	android:multiprocess
		ADDED from src/main/AndroidManifest.xml:141:13-40
	android:exported
		ADDED from src/main/AndroidManifest.xml:140:13-37
	android:authorities
		ADDED from src/main/AndroidManifest.xml:139:13-75
	android:name
		ADDED from src/main/AndroidManifest.xml:138:13-79
provider#com.odoo.base.res.providers.company.CompanyProvider
ADDED from src/main/AndroidManifest.xml:142:9-146:43
	android:multiprocess
		ADDED from src/main/AndroidManifest.xml:146:13-40
	android:exported
		ADDED from src/main/AndroidManifest.xml:145:13-37
	android:authorities
		ADDED from src/main/AndroidManifest.xml:144:13-75
	android:name
		ADDED from src/main/AndroidManifest.xml:143:13-79
provider#com.odoo.base.res.providers.partners.PartnersProvider
ADDED from src/main/AndroidManifest.xml:147:9-151:43
	android:multiprocess
		ADDED from src/main/AndroidManifest.xml:151:13-40
	android:exported
		ADDED from src/main/AndroidManifest.xml:150:13-37
	android:authorities
		ADDED from src/main/AndroidManifest.xml:149:13-76
	android:name
		ADDED from src/main/AndroidManifest.xml:148:13-81
provider#com.odoo.base.mail.provider.MailFollowerProvider
ADDED from src/main/AndroidManifest.xml:152:9-156:43
	android:multiprocess
		ADDED from src/main/AndroidManifest.xml:156:13-40
	android:exported
		ADDED from src/main/AndroidManifest.xml:155:13-37
	android:authorities
		ADDED from src/main/AndroidManifest.xml:154:13-75
	android:name
		ADDED from src/main/AndroidManifest.xml:153:13-76
provider#com.odoo.addons.mail.providers.mail.MailProvider
ADDED from src/main/AndroidManifest.xml:159:9-165:39
	android:label
		ADDED from src/main/AndroidManifest.xml:164:13-37
	android:syncable
		ADDED from src/main/AndroidManifest.xml:165:13-36
	android:exported
		ADDED from src/main/AndroidManifest.xml:163:13-36
	android:authorities
		ADDED from src/main/AndroidManifest.xml:161:13-70
	android:enabled
		ADDED from src/main/AndroidManifest.xml:162:13-35
	android:name
		ADDED from src/main/AndroidManifest.xml:160:13-76
service#com.odoo.addons.mail.services.MailSyncService
ADDED from src/main/AndroidManifest.xml:168:9-178:19
	android:exported
		ADDED from src/main/AndroidManifest.xml:170:13-36
	android:name
		ADDED from src/main/AndroidManifest.xml:169:13-73
intent-filter#android.content.SyncAdapter
ADDED from src/main/AndroidManifest.xml:171:13-173:29
action#android.content.SyncAdapter
ADDED from src/main/AndroidManifest.xml:172:17-70
	android:name
		ADDED from src/main/AndroidManifest.xml:172:25-67
meta-data#android.content.SyncAdapter
ADDED from src/main/AndroidManifest.xml:175:13-177:53
	android:resource
		ADDED from src/main/AndroidManifest.xml:177:17-50
	android:name
		ADDED from src/main/AndroidManifest.xml:176:17-59
provider#com.odoo.addons.mail.providers.group.MailGroupProvider
ADDED from src/main/AndroidManifest.xml:180:9-186:39
	android:label
		ADDED from src/main/AndroidManifest.xml:185:13-35
	android:syncable
		ADDED from src/main/AndroidManifest.xml:186:13-36
	android:exported
		ADDED from src/main/AndroidManifest.xml:184:13-36
	android:authorities
		ADDED from src/main/AndroidManifest.xml:182:13-71
	android:enabled
		ADDED from src/main/AndroidManifest.xml:183:13-35
	android:name
		ADDED from src/main/AndroidManifest.xml:181:13-82
provider#com.odoo.addons.mail.providers.notification.MailNotificationProvider
ADDED from src/main/AndroidManifest.xml:187:9-190:43
	android:multiprocess
		ADDED from src/main/AndroidManifest.xml:190:13-40
	android:authorities
		ADDED from src/main/AndroidManifest.xml:189:13-78
	android:name
		ADDED from src/main/AndroidManifest.xml:188:13-96
service#com.odoo.addons.mail.services.MailGroupSyncService
ADDED from src/main/AndroidManifest.xml:192:9-202:19
	android:exported
		ADDED from src/main/AndroidManifest.xml:194:13-36
	android:name
		ADDED from src/main/AndroidManifest.xml:193:13-78
receiver#com.odoo.addons.mail.widgets.MailWidget
ADDED from src/main/AndroidManifest.xml:204:9-214:20
	android:label
		ADDED from src/main/AndroidManifest.xml:206:13-43
	android:name
		ADDED from src/main/AndroidManifest.xml:205:13-67
intent-filter#android.appwidget.action.APPWIDGET_UPDATE
ADDED from src/main/AndroidManifest.xml:207:13-209:29
action#android.appwidget.action.APPWIDGET_UPDATE
ADDED from src/main/AndroidManifest.xml:208:17-84
	android:name
		ADDED from src/main/AndroidManifest.xml:208:25-81
meta-data#android.appwidget.provider
ADDED from src/main/AndroidManifest.xml:211:13-213:55
	android:resource
		ADDED from src/main/AndroidManifest.xml:213:17-52
	android:name
		ADDED from src/main/AndroidManifest.xml:212:17-58
service#com.odoo.addons.mail.widgets.MailRemoteViewService
ADDED from src/main/AndroidManifest.xml:216:9-218:72
	android:permission
		ADDED from src/main/AndroidManifest.xml:218:13-69
	android:name
		ADDED from src/main/AndroidManifest.xml:217:13-78
activity#com.odoo.addons.mail.widgets.MailWidgetConfigure
ADDED from src/main/AndroidManifest.xml:221:9-228:20
	android:icon
		ADDED from src/main/AndroidManifest.xml:223:13-54
	android:theme
		ADDED from src/main/AndroidManifest.xml:224:13-51
	android:name
		ADDED from src/main/AndroidManifest.xml:222:13-76
intent-filter#android.appwidget.action.APPWIDGET_CONFIGURE
ADDED from src/main/AndroidManifest.xml:225:13-227:29
action#android.appwidget.action.APPWIDGET_CONFIGURE
ADDED from src/main/AndroidManifest.xml:226:17-87
	android:name
		ADDED from src/main/AndroidManifest.xml:226:25-84